User registration...
Not valid input.
User registration...
Not valid input.
User registration...
Not valid input.
User registration...
Not valid input.
User registration...
Not valid input.
User registration...
Not valid input.
User registration...
Registering...: Valid input.
User id: 1
tbKPI
tbKPI
tbKPI
tbCell
tbCell
tbKPI
tbKPI
tbKPI
tbKPI
tbKPI
tbKPI
tbKPI
tbKPI
tbKPI
User registration...
Not valid input.
User registration...
Not valid input.
User registration...
Registering...: Valid input.
User id: 2
User registration...
Not valid input.
User registration...
Not valid input.
User registration...
Not valid input.
User registration...
Not valid input.
User registration...
Not valid input.
User registration...
Not valid input.
User registration...
Not valid input.
User registration...
Not valid input.
User registration...
Not valid input.
User registration...
Registering...: Valid input.
User id: 1
User registration...
Not valid input.
